SF:C:\Users\tiber\Documents\UNITBV\IS\Blackjack\Blackjack.Server\Program.cs
FN:3,System.Void Program::<Main>$(System.String[])
FNDA:0,System.Void Program::<Main>$(System.String[])
DA:4,0
DA:6,0
DA:7,0
DA:8,0
DA:9,0
DA:10,0
DA:11,0
DA:12,0
DA:13,0
DA:15,0
DA:17,0
DA:18,0
DA:19,0
DA:21,0
DA:23,0
DA:24,0
DA:27,0
DA:28,0
DA:29,0
DA:30,0
DA:31,0
DA:33,0
DA:35,0
DA:37,0
DA:39,0
DA:41,0
DA:43,0
BRDA:27,133,0,0
BRDA:27,133,1,0
LF:27
LH:0
BRF:2
BRH:0
FNF:1
FNH:0
end_of_record
SF:C:\Users\tiber\Documents\UNITBV\IS\Blackjack\Blackjack.Server\Services\GameService.cs
FN:12,System.Void Blackjack.Server.Services.GameService::PlaceBet(System.Int32)
FNDA:0,System.Void Blackjack.Server.Services.GameService::PlaceBet(System.Int32)
DA:13,0
DA:14,0
DA:15,0
FN:17,System.Int32 Blackjack.Server.Services.GameService::PlayerBalance()
FNDA:0,System.Int32 Blackjack.Server.Services.GameService::PlayerBalance()
DA:18,0
DA:19,0
DA:20,0
FN:22,System.Void Blackjack.Server.Services.GameService::StartNewGame()
FNDA:0,System.Void Blackjack.Server.Services.GameService::StartNewGame()
DA:23,0
DA:24,0
DA:25,0
FN:27,Blackjack.Server.Models.BlackjackGame Blackjack.Server.Services.GameService::GetGame()
FNDA:0,Blackjack.Server.Models.BlackjackGame Blackjack.Server.Services.GameService::GetGame()
DA:28,0
DA:29,0
DA:30,0
FN:32,System.Void Blackjack.Server.Services.GameService::DealCards()
FNDA:0,System.Void Blackjack.Server.Services.GameService::DealCards()
DA:33,0
DA:34,0
DA:35,0
FN:37,System.Void Blackjack.Server.Services.GameService::Hit()
FNDA:0,System.Void Blackjack.Server.Services.GameService::Hit()
DA:38,0
DA:39,0
DA:40,0
FN:42,System.Void Blackjack.Server.Services.GameService::Stand()
FNDA:0,System.Void Blackjack.Server.Services.GameService::Stand()
DA:43,0
DA:44,0
DA:45,0
FN:47,System.String Blackjack.Server.Services.GameService::CheckWinner()
FNDA:0,System.String Blackjack.Server.Services.GameService::CheckWinner()
DA:48,0
DA:49,0
DA:50,0
FN:7,System.Void Blackjack.Server.Services.GameService::.ctor()
FNDA:0,System.Void Blackjack.Server.Services.GameService::.ctor()
DA:8,0
DA:10,0
LF:26
LH:0
BRF:0
BRH:0
FNF:9
FNH:0
end_of_record
SF:C:\Users\tiber\Documents\UNITBV\IS\Blackjack\Blackjack.Server\Models\BlackjackGame.cs
FN:11,Blackjack.Server.Models.PlayerHand Blackjack.Server.Models.BlackjackGame::get_PlayerHand()
FNDA:0,Blackjack.Server.Models.PlayerHand Blackjack.Server.Models.BlackjackGame::get_PlayerHand()
DA:12,0
FN:12,Blackjack.Server.Models.DealerHand Blackjack.Server.Models.BlackjackGame::get_DealerHand()
FNDA:0,Blackjack.Server.Models.DealerHand Blackjack.Server.Models.BlackjackGame::get_DealerHand()
DA:13,0
FN:13,Blackjack.Server.Models.Player Blackjack.Server.Models.BlackjackGame::get_Player()
FNDA:0,Blackjack.Server.Models.Player Blackjack.Server.Models.BlackjackGame::get_Player()
DA:14,0
FN:27,Blackjack.Server.Models.BlackjackGame Blackjack.Server.Models.BlackjackGame::get_Instance()
FNDA:0,Blackjack.Server.Models.BlackjackGame Blackjack.Server.Models.BlackjackGame::get_Instance()
DA:28,0
DA:29,0
DA:30,0
DA:31,0
BRDA:29,6,0,0
BRDA:29,6,1,0
FN:34,System.Void Blackjack.Server.Models.BlackjackGame::ChangeState(Blackjack.Server.Models.Interfaces.IGameState)
FNDA:0,System.Void Blackjack.Server.Models.BlackjackGame::ChangeState(Blackjack.Server.Models.Interfaces.IGameState)
DA:35,0
DA:36,0
DA:37,0
FN:39,System.Void Blackjack.Server.Models.BlackjackGame::Bet(System.Int32)
FNDA:0,System.Void Blackjack.Server.Models.BlackjackGame::Bet(System.Int32)
DA:40,0
DA:41,0
DA:42,0
FN:44,System.Void Blackjack.Server.Models.BlackjackGame::Deal()
FNDA:0,System.Void Blackjack.Server.Models.BlackjackGame::Deal()
DA:45,0
DA:46,0
DA:47,0
FN:49,System.Void Blackjack.Server.Models.BlackjackGame::Hit()
FNDA:0,System.Void Blackjack.Server.Models.BlackjackGame::Hit()
DA:50,0
DA:51,0
DA:52,0
FN:54,System.Void Blackjack.Server.Models.BlackjackGame::HitDealer()
FNDA:0,System.Void Blackjack.Server.Models.BlackjackGame::HitDealer()
DA:55,0
DA:56,0
DA:57,0
DA:58,0
DA:59,0
DA:60,0
BRDA:56,33,1,0
BRDA:56,33,0,0
FN:62,System.Void Blackjack.Server.Models.BlackjackGame::Stand()
FNDA:0,System.Void Blackjack.Server.Models.BlackjackGame::Stand()
DA:63,0
DA:64,0
DA:65,0
FN:67,System.String Blackjack.Server.Models.BlackjackGame::CheckWinner()
FNDA:0,System.String Blackjack.Server.Models.BlackjackGame::CheckWinner()
DA:68,0
DA:69,0
DA:70,0
FN:72,Blackjack.Server.Models.Interfaces.ICard Blackjack.Server.Models.BlackjackGame::DrawCard()
FNDA:0,Blackjack.Server.Models.Interfaces.ICard Blackjack.Server.Models.BlackjackGame::DrawCard()
DA:73,0
DA:74,0
DA:75,0
FN:77,System.Int32 Blackjack.Server.Models.BlackjackGame::GetPlayerBalance()
FNDA:0,System.Int32 Blackjack.Server.Models.BlackjackGame::GetPlayerBalance()
DA:78,0
DA:79,0
DA:80,0
BRDA:79,7,0,0
BRDA:79,7,1,0
FN:82,System.Void Blackjack.Server.Models.BlackjackGame::StartNewGame()
FNDA:0,System.Void Blackjack.Server.Models.BlackjackGame::StartNewGame()
DA:83,0
DA:84,0
DA:85,0
DA:86,0
DA:87,0
FN:15,System.Void Blackjack.Server.Models.BlackjackGame::.ctor()
FNDA:0,System.Void Blackjack.Server.Models.BlackjackGame::.ctor()
DA:16,0
DA:17,0
DA:18,0
DA:19,0
DA:20,0
DA:21,0
DA:22,0
DA:23,0
LF:50
LH:0
BRF:6
BRH:0
FNF:15
FNH:0
end_of_record
SF:C:\Users\tiber\Documents\UNITBV\IS\Blackjack\Blackjack.Server\Models\Card.cs
FN:7,Blackjack.Server.Models.Enums.Suit Blackjack.Server.Models.Card::get_Suit()
FNDA:1811,Blackjack.Server.Models.Enums.Suit Blackjack.Server.Models.Card::get_Suit()
DA:8,1811
FN:8,Blackjack.Server.Models.Enums.Rank Blackjack.Server.Models.Card::get_Rank()
FNDA:1954,Blackjack.Server.Models.Enums.Rank Blackjack.Server.Models.Card::get_Rank()
DA:9,1954
FN:17,System.Void Blackjack.Server.Models.Card::Display()
FNDA:0,System.Void Blackjack.Server.Models.Card::Display()
DA:18,0
DA:19,0
DA:20,0
FN:22,System.Int32 Blackjack.Server.Models.Card::GetValue()
FNDA:28,System.Int32 Blackjack.Server.Models.Card::GetValue()
DA:23,28
DA:24,28
DA:25,1
DA:26,1
DA:28,27
DA:29,9
DA:30,9
DA:33,18
DA:34,18
DA:36,28
BRDA:24,13,0,1
BRDA:24,13,1,27
BRDA:28,29,0,23
BRDA:28,39,0,22
BRDA:28,29,1,5
BRDA:28,39,1,5
BRDA:28,56,0,9
BRDA:28,56,1,18
FN:10,System.Void Blackjack.Server.Models.Card::.ctor(Blackjack.Server.Models.Enums.Suit,Blackjack.Server.Models.Enums.Rank)
FNDA:1811,System.Void Blackjack.Server.Models.Card::.ctor(Blackjack.Server.Models.Enums.Suit,Blackjack.Server.Models.Enums.Rank)
DA:11,1811
DA:12,1811
DA:13,1811
DA:14,1811
DA:15,1811
LF:20
LH:17
BRF:8
BRH:8
FNF:5
FNH:4
end_of_record
SF:C:\Users\tiber\Documents\UNITBV\IS\Blackjack\Blackjack.Server\Models\DealerHand.cs
FN:7,System.Collections.Generic.List`1<Blackjack.Server.Models.Interfaces.ICard> Blackjack.Server.Models.DealerHand::get_Cards()
FNDA:39,System.Collections.Generic.List`1<Blackjack.Server.Models.Interfaces.ICard> Blackjack.Server.Models.DealerHand::get_Cards()
DA:8,39
FN:8,System.Boolean Blackjack.Server.Models.DealerHand::get_IsHidden()
FNDA:13,System.Boolean Blackjack.Server.Models.DealerHand::get_IsHidden()
DA:9,13
FN:23,System.Int32 Blackjack.Server.Models.DealerHand::GetHandValue()
FNDA:5,System.Int32 Blackjack.Server.Models.DealerHand::GetHandValue()
DA:24,5
DA:25,5
DA:26,5
DA:27,37
DA:28,11
DA:29,11
DA:30,2
DA:31,2
DA:32,2
DA:34,9
DA:35,9
DA:36,9
DA:37,11
DA:39,14
DA:40,2
DA:41,2
DA:42,2
DA:44,0
DA:45,2
DA:47,5
DA:48,5
BRDA:27,72,1,11
BRDA:29,43,0,2
BRDA:29,43,1,9
BRDA:27,72,0,5
BRDA:39,141,1,2
BRDA:41,112,0,2
BRDA:41,112,1,0
BRDA:39,141,0,5
FN:50,System.Boolean Blackjack.Server.Models.DealerHand::IsBust()
FNDA:1,System.Boolean Blackjack.Server.Models.DealerHand::IsBust()
DA:51,1
DA:52,1
DA:53,1
DA:54,1
FN:56,System.Boolean Blackjack.Server.Models.DealerHand::HasAce()
FNDA:4,System.Boolean Blackjack.Server.Models.DealerHand::HasAce()
DA:57,4
DA:58,22
DA:59,6
DA:60,6
DA:61,2
DA:62,2
DA:64,4
DA:65,2
DA:66,4
BRDA:58,57,1,6
BRDA:60,42,0,2
BRDA:60,42,1,4
BRDA:58,57,0,2
FN:68,System.Boolean Blackjack.Server.Models.DealerHand::ShouldHit()
FNDA:3,System.Boolean Blackjack.Server.Models.DealerHand::ShouldHit()
DA:69,3
DA:70,3
DA:71,3
DA:72,1
DA:73,1
DA:75,2
DA:76,1
DA:77,1
DA:80,1
DA:81,1
DA:82,1
DA:84,3
BRDA:71,15,0,1
BRDA:71,15,1,2
BRDA:75,25,0,2
BRDA:75,25,1,0
BRDA:75,38,0,1
BRDA:75,38,1,1
FN:86,System.Void Blackjack.Server.Models.DealerHand::AddCard(Blackjack.Server.Models.Interfaces.ICard)
FNDA:18,System.Void Blackjack.Server.Models.DealerHand::AddCard(Blackjack.Server.Models.Interfaces.ICard)
DA:87,18
DA:88,18
DA:89,18
FN:91,System.Void Blackjack.Server.Models.DealerHand::NewHand()
FNDA:1,System.Void Blackjack.Server.Models.DealerHand::NewHand()
DA:92,1
DA:93,1
DA:94,1
DA:95,1
FN:10,System.Void Blackjack.Server.Models.DealerHand::.ctor()
FNDA:9,System.Void Blackjack.Server.Models.DealerHand::.ctor()
DA:11,9
DA:12,9
DA:13,9
DA:14,9
DA:15,9
FN:16,System.Void Blackjack.Server.Models.DealerHand::.ctor(System.Collections.Generic.List`1<Blackjack.Server.Models.Interfaces.ICard>,System.Boolean)
FNDA:0,System.Void Blackjack.Server.Models.DealerHand::.ctor(System.Collections.Generic.List`1<Blackjack.Server.Models.Interfaces.ICard>,System.Boolean)
DA:17,0
DA:18,0
DA:19,0
DA:20,0
DA:21,0
LF:65
LH:59
BRF:18
BRH:16
FNF:10
FNH:9
end_of_record
SF:C:\Users\tiber\Documents\UNITBV\IS\Blackjack\Blackjack.Server\Models\DealingPack.cs
FN:7,System.Collections.Generic.List`1<Blackjack.Server.Models.Interfaces.ICard> Blackjack.Server.Models.DealingPack::get_Cards()
FNDA:6947,System.Collections.Generic.List`1<Blackjack.Server.Models.Interfaces.ICard> Blackjack.Server.Models.DealingPack::get_Cards()
DA:8,6947
FN:16,System.Void Blackjack.Server.Models.DealingPack::InitializeDecks(System.Int32)
FNDA:4,System.Void Blackjack.Server.Models.DealingPack::InitializeDecks(System.Int32)
DA:17,4
DA:18,4
DA:20,64
DA:21,28
DA:22,28
DA:23,28
DA:24,4
BRDA:20,41,1,28
BRDA:20,41,0,4
FN:26,System.Void Blackjack.Server.Models.DealingPack::ShuffleCards()
FNDA:4,System.Void Blackjack.Server.Models.DealingPack::ShuffleCards()
DA:27,4
DA:28,4
DA:29,4
DA:30,1456
DA:31,1452
DA:32,1452
DA:33,1452
DA:34,1452
DA:35,1452
DA:36,4
BRDA:30,113,1,1452
BRDA:30,113,0,4
FN:38,Blackjack.Server.Models.Interfaces.ICard Blackjack.Server.Models.DealingPack::DrawCard()
FNDA:367,Blackjack.Server.Models.Interfaces.ICard Blackjack.Server.Models.DealingPack::DrawCard()
DA:39,367
DA:40,367
DA:41,1
DA:42,1
DA:45,366
DA:46,366
DA:47,366
DA:48,366
BRDA:40,17,0,1
BRDA:40,17,1,366
FN:50,System.Int32 Blackjack.Server.Models.DealingPack::GetCount()
FNDA:4,System.Int32 Blackjack.Server.Models.DealingPack::GetCount()
DA:51,4
DA:52,4
DA:53,4
FN:9,System.Void Blackjack.Server.Models.DealingPack::.ctor()
FNDA:4,System.Void Blackjack.Server.Models.DealingPack::.ctor()
DA:10,4
DA:11,4
DA:12,4
DA:13,4
DA:14,4
LF:34
LH:34
BRF:6
BRH:6
FNF:6
FNH:6
end_of_record
SF:C:\Users\tiber\Documents\UNITBV\IS\Blackjack\Blackjack.Server\Models\Deck.cs
FN:8,System.Collections.Generic.List`1<Blackjack.Server.Models.Interfaces.ICard> Blackjack.Server.Models.Deck::get_Cards()
FNDA:2099,System.Collections.Generic.List`1<Blackjack.Server.Models.Interfaces.ICard> Blackjack.Server.Models.Deck::get_Cards()
DA:9,2099
FN:20,System.Collections.Generic.IEnumerator`1<Blackjack.Server.Models.Interfaces.ICard> Blackjack.Server.Models.Deck::GetEnumerator()
FNDA:86,System.Collections.Generic.IEnumerator`1<Blackjack.Server.Models.Interfaces.ICard> Blackjack.Server.Models.Deck::GetEnumerator()
DA:21,86
DA:22,86
DA:23,86
FN:25,System.Collections.IEnumerator Blackjack.Server.Models.Deck::System.Collections.IEnumerable.GetEnumerator()
FNDA:0,System.Collections.IEnumerator Blackjack.Server.Models.Deck::System.Collections.IEnumerable.GetEnumerator()
DA:26,0
DA:27,0
DA:28,0
FN:30,System.Void Blackjack.Server.Models.Deck::AddCard(Blackjack.Server.Models.Interfaces.ICard)
FNDA:1769,System.Void Blackjack.Server.Models.Deck::AddCard(Blackjack.Server.Models.Interfaces.ICard)
DA:31,1769
DA:32,1769
DA:33,1769
FN:35,System.Void Blackjack.Server.Models.Deck::RemoveCard(Blackjack.Server.Models.Interfaces.ICard)
FNDA:1,System.Void Blackjack.Server.Models.Deck::RemoveCard(Blackjack.Server.Models.Interfaces.ICard)
DA:36,1
DA:37,1
DA:38,1
FN:40,System.Void Blackjack.Server.Models.Deck::Shuffle()
FNDA:1,System.Void Blackjack.Server.Models.Deck::Shuffle()
DA:41,1
DA:42,1
DA:43,1
DA:44,52
DA:45,51
DA:46,51
DA:47,51
DA:48,51
DA:49,51
DA:50,1
BRDA:44,113,1,51
BRDA:44,113,0,1
FN:52,System.Int32 Blackjack.Server.Models.Deck::GetCount()
FNDA:3,System.Int32 Blackjack.Server.Models.Deck::GetCount()
DA:53,3
DA:54,3
DA:55,3
FN:10,System.Void Blackjack.Server.Models.Deck::.ctor()
FNDA:34,System.Void Blackjack.Server.Models.Deck::.ctor()
DA:11,34
DA:12,34
DA:13,34
FN:14,System.Void Blackjack.Server.Models.Deck::.ctor(System.Collections.Generic.List`1<Blackjack.Server.Models.Interfaces.ICard>)
FNDA:1,System.Void Blackjack.Server.Models.Deck::.ctor(System.Collections.Generic.List`1<Blackjack.Server.Models.Interfaces.ICard>)
DA:15,1
DA:16,1
DA:17,1
DA:18,1
LF:33
LH:30
BRF:2
BRH:2
FNF:9
FNH:8
end_of_record
SF:C:\Users\tiber\Documents\UNITBV\IS\Blackjack\Blackjack.Server\Models\Player.cs
FN:4,System.String Blackjack.Server.Models.Player::get_Name()
FNDA:6,System.String Blackjack.Server.Models.Player::get_Name()
DA:5,6
FN:5,System.Int32 Blackjack.Server.Models.Player::get_Balance()
FNDA:6,System.Int32 Blackjack.Server.Models.Player::get_Balance()
DA:6,6
FN:7,System.Void Blackjack.Server.Models.Player::.ctor(System.String,System.Int32)
FNDA:3,System.Void Blackjack.Server.Models.Player::.ctor(System.String,System.Int32)
DA:8,3
DA:9,3
DA:10,3
DA:11,3
DA:12,3
LF:7
LH:7
BRF:0
BRH:0
FNF:3
FNH:3
end_of_record
SF:C:\Users\tiber\Documents\UNITBV\IS\Blackjack\Blackjack.Server\Models\PlayerHand.cs
FN:7,System.Collections.Generic.List`1<Blackjack.Server.Models.Interfaces.ICard> Blackjack.Server.Models.PlayerHand::get_Cards()
FNDA:22,System.Collections.Generic.List`1<Blackjack.Server.Models.Interfaces.ICard> Blackjack.Server.Models.PlayerHand::get_Cards()
DA:8,22
FN:8,System.Int32 Blackjack.Server.Models.PlayerHand::get_BetAmount()
FNDA:8,System.Int32 Blackjack.Server.Models.PlayerHand::get_BetAmount()
DA:9,8
FN:28,System.Void Blackjack.Server.Models.PlayerHand::AddCard(Blackjack.Server.Models.Interfaces.ICard)
FNDA:11,System.Void Blackjack.Server.Models.PlayerHand::AddCard(Blackjack.Server.Models.Interfaces.ICard)
DA:29,11
DA:30,11
DA:31,11
FN:33,System.Void Blackjack.Server.Models.PlayerHand::NewHand()
FNDA:1,System.Void Blackjack.Server.Models.PlayerHand::NewHand()
DA:34,1
DA:35,1
DA:36,1
DA:37,1
FN:39,System.Int32 Blackjack.Server.Models.PlayerHand::GetHandValue()
FNDA:3,System.Int32 Blackjack.Server.Models.PlayerHand::GetHandValue()
DA:40,3
DA:41,3
DA:42,3
DA:44,25
DA:45,8
DA:46,8
DA:47,2
DA:48,2
DA:49,2
DA:51,6
DA:52,6
DA:53,6
DA:54,8
DA:56,10
DA:57,2
DA:58,2
DA:59,1
DA:61,1
DA:62,2
DA:64,3
DA:65,3
BRDA:44,72,1,8
BRDA:46,43,0,2
BRDA:46,43,1,6
BRDA:44,72,0,3
BRDA:56,141,1,2
BRDA:58,112,0,1
BRDA:58,112,1,1
BRDA:56,141,0,3
FN:67,System.Boolean Blackjack.Server.Models.PlayerHand::IsBust()
FNDA:2,System.Boolean Blackjack.Server.Models.PlayerHand::IsBust()
DA:68,2
DA:69,2
DA:70,2
FN:10,System.Void Blackjack.Server.Models.PlayerHand::.ctor()
FNDA:5,System.Void Blackjack.Server.Models.PlayerHand::.ctor()
DA:11,5
DA:12,5
DA:13,5
DA:14,5
DA:15,5
FN:15,System.Void Blackjack.Server.Models.PlayerHand::.ctor(System.Int32)
FNDA:0,System.Void Blackjack.Server.Models.PlayerHand::.ctor(System.Int32)
DA:16,0
DA:17,0
DA:18,0
DA:19,0
DA:20,0
FN:21,System.Void Blackjack.Server.Models.PlayerHand::.ctor(System.Collections.Generic.List`1<Blackjack.Server.Models.Interfaces.ICard>,System.Int32)
FNDA:0,System.Void Blackjack.Server.Models.PlayerHand::.ctor(System.Collections.Generic.List`1<Blackjack.Server.Models.Interfaces.ICard>,System.Int32)
DA:22,0
DA:23,0
DA:24,0
DA:25,0
DA:26,0
LF:48
LH:38
BRF:8
BRH:8
FNF:9
FNH:7
end_of_record
SF:C:\Users\tiber\Documents\UNITBV\IS\Blackjack\Blackjack.Server\Models\States\BettingPhaseState.cs
FN:7,System.Void Blackjack.Server.Models.States.BettingPhaseState::Bet(System.Int32)
FNDA:0,System.Void Blackjack.Server.Models.States.BettingPhaseState::Bet(System.Int32)
DA:8,0
DA:9,0
DA:10,0
DA:11,0
DA:12,0
FN:14,System.Void Blackjack.Server.Models.States.BettingPhaseState::Deal()
FNDA:0,System.Void Blackjack.Server.Models.States.BettingPhaseState::Deal()
DA:15,0
DA:16,0
DA:17,0
DA:18,0
DA:19,0
DA:20,0
DA:21,0
DA:22,0
DA:23,0
DA:24,0
BRDA:18,70,1,0
BRDA:18,70,0,0
FN:26,System.Void Blackjack.Server.Models.States.BettingPhaseState::Hit()
FNDA:0,System.Void Blackjack.Server.Models.States.BettingPhaseState::Hit()
DA:27,0
DA:28,0
DA:29,0
FN:31,System.Void Blackjack.Server.Models.States.BettingPhaseState::Stand()
FNDA:0,System.Void Blackjack.Server.Models.States.BettingPhaseState::Stand()
DA:32,0
DA:33,0
DA:34,0
FN:36,System.String Blackjack.Server.Models.States.BettingPhaseState::CheckWinner()
FNDA:0,System.String Blackjack.Server.Models.States.BettingPhaseState::CheckWinner()
DA:37,0
DA:38,0
DA:39,0
DA:40,0
LF:25
LH:0
BRF:2
BRH:0
FNF:5
FNH:0
end_of_record
SF:C:\Users\tiber\Documents\UNITBV\IS\Blackjack\Blackjack.Server\Models\States\DealerTurnState.cs
FN:8,System.Void Blackjack.Server.Models.States.DealerTurnState::Bet(System.Int32)
FNDA:0,System.Void Blackjack.Server.Models.States.DealerTurnState::Bet(System.Int32)
DA:9,0
DA:10,0
DA:11,0
FN:13,System.Void Blackjack.Server.Models.States.DealerTurnState::Deal()
FNDA:0,System.Void Blackjack.Server.Models.States.DealerTurnState::Deal()
DA:14,0
DA:15,0
DA:16,0
FN:18,System.Void Blackjack.Server.Models.States.DealerTurnState::Hit()
FNDA:0,System.Void Blackjack.Server.Models.States.DealerTurnState::Hit()
DA:19,0
DA:20,0
DA:21,0
DA:22,0
DA:23,0
DA:24,0
DA:26,0
DA:27,0
DA:28,0
DA:29,0
DA:30,0
DA:32,0
DA:33,0
DA:34,0
DA:35,0
DA:36,0
BRDA:22,27,0,0
BRDA:26,56,0,0
BRDA:26,56,1,0
BRDA:22,27,1,0
FN:38,System.Void Blackjack.Server.Models.States.DealerTurnState::Stand()
FNDA:0,System.Void Blackjack.Server.Models.States.DealerTurnState::Stand()
DA:39,0
DA:40,0
DA:41,0
FN:43,System.String Blackjack.Server.Models.States.DealerTurnState::CheckWinner()
FNDA:0,System.String Blackjack.Server.Models.States.DealerTurnState::CheckWinner()
DA:44,0
DA:45,0
DA:46,0
DA:47,0
LF:29
LH:0
BRF:4
BRH:0
FNF:5
FNH:0
end_of_record
SF:C:\Users\tiber\Documents\UNITBV\IS\Blackjack\Blackjack.Server\Models\States\GameOverState.cs
FN:7,System.Void Blackjack.Server.Models.States.GameOverState::Bet(System.Int32)
FNDA:0,System.Void Blackjack.Server.Models.States.GameOverState::Bet(System.Int32)
DA:8,0
DA:9,0
DA:10,0
FN:12,System.Void Blackjack.Server.Models.States.GameOverState::Deal()
FNDA:0,System.Void Blackjack.Server.Models.States.GameOverState::Deal()
DA:13,0
DA:14,0
DA:15,0
FN:17,System.Void Blackjack.Server.Models.States.GameOverState::Hit()
FNDA:0,System.Void Blackjack.Server.Models.States.GameOverState::Hit()
DA:18,0
DA:19,0
DA:20,0
FN:22,System.Void Blackjack.Server.Models.States.GameOverState::Stand()
FNDA:0,System.Void Blackjack.Server.Models.States.GameOverState::Stand()
DA:23,0
DA:24,0
DA:25,0
FN:27,System.String Blackjack.Server.Models.States.GameOverState::CheckWinner()
FNDA:0,System.String Blackjack.Server.Models.States.GameOverState::CheckWinner()
DA:28,0
DA:29,0
DA:30,0
DA:31,0
DA:33,0
DA:34,0
DA:35,0
DA:36,0
DA:37,0
DA:39,0
DA:40,0
DA:41,0
DA:42,0
DA:43,0
DA:45,0
DA:46,0
DA:47,0
DA:48,0
DA:49,0
DA:51,0
DA:52,0
DA:53,0
DA:54,0
DA:55,0
DA:58,0
DA:59,0
DA:60,0
DA:62,0
BRDA:33,44,0,0
BRDA:33,44,1,0
BRDA:39,115,0,0
BRDA:39,115,1,0
BRDA:45,179,0,0
BRDA:45,179,1,0
BRDA:51,240,0,0
BRDA:51,240,1,0
LF:40
LH:0
BRF:8
BRH:0
FNF:5
FNH:0
end_of_record
SF:C:\Users\tiber\Documents\UNITBV\IS\Blackjack\Blackjack.Server\Models\States\PlayerTurnState.cs
FN:8,System.Void Blackjack.Server.Models.States.PlayerTurnState::Bet(System.Int32)
FNDA:0,System.Void Blackjack.Server.Models.States.PlayerTurnState::Bet(System.Int32)
DA:9,0
DA:10,0
DA:11,0
FN:13,System.Void Blackjack.Server.Models.States.PlayerTurnState::Deal()
FNDA:0,System.Void Blackjack.Server.Models.States.PlayerTurnState::Deal()
DA:14,0
DA:15,0
DA:16,0
FN:18,System.Void Blackjack.Server.Models.States.PlayerTurnState::Hit()
FNDA:0,System.Void Blackjack.Server.Models.States.PlayerTurnState::Hit()
DA:19,0
DA:20,0
DA:21,0
DA:22,0
DA:23,0
DA:25,0
DA:26,0
DA:27,0
DA:28,0
DA:29,0
BRDA:25,51,0,0
BRDA:25,51,1,0
FN:31,System.Void Blackjack.Server.Models.States.PlayerTurnState::Stand()
FNDA:0,System.Void Blackjack.Server.Models.States.PlayerTurnState::Stand()
DA:32,0
DA:33,0
DA:34,0
DA:35,0
DA:36,0
DA:37,0
FN:39,System.String Blackjack.Server.Models.States.PlayerTurnState::CheckWinner()
FNDA:0,System.String Blackjack.Server.Models.States.PlayerTurnState::CheckWinner()
DA:40,0
DA:41,0
DA:42,0
DA:43,0
LF:26
LH:0
BRF:2
BRH:0
FNF:5
FNH:0
end_of_record
SF:C:\Users\tiber\Documents\UNITBV\IS\Blackjack\Blackjack.Server\Models\Factories\CardFactory.cs
FN:8,Blackjack.Server.Models.Interfaces.ICard Blackjack.Server.Models.Factories.CardFactory::CreateCard(Blackjack.Server.Models.Enums.Suit,Blackjack.Server.Models.Enums.Rank)
FNDA:0,Blackjack.Server.Models.Interfaces.ICard Blackjack.Server.Models.Factories.CardFactory::CreateCard(Blackjack.Server.Models.Enums.Suit,Blackjack.Server.Models.Enums.Rank)
DA:9,0
DA:10,0
DA:11,0
LF:3
LH:0
BRF:0
BRH:0
FNF:1
FNH:0
end_of_record
SF:C:\Users\tiber\Documents\UNITBV\IS\Blackjack\Blackjack.Server\Models\Factories\DeckFactory.cs
FN:10,Blackjack.Server.Models.Deck Blackjack.Server.Models.Factories.DeckFactory::CreateDeck()
FNDA:34,Blackjack.Server.Models.Deck Blackjack.Server.Models.Factories.DeckFactory::CreateDeck()
DA:11,34
DA:12,34
DA:14,374
DA:15,136
DA:16,3944
DA:17,1768
DA:18,1768
DA:19,1768
DA:20,136
DA:22,34
DA:23,34
BRDA:14,136,1,136
BRDA:16,104,1,1768
BRDA:16,104,0,136
BRDA:14,136,0,34
FN:25,System.Collections.Generic.List`1<Blackjack.Server.Models.Deck> Blackjack.Server.Models.Factories.DeckFactory::CreateDecks(System.Int32)
FNDA:0,System.Collections.Generic.List`1<Blackjack.Server.Models.Deck> Blackjack.Server.Models.Factories.DeckFactory::CreateDecks(System.Int32)
DA:26,0
DA:27,0
DA:28,0
DA:30,0
DA:31,0
DA:32,0
DA:33,0
DA:35,0
DA:36,0
BRDA:30,38,1,0
BRDA:30,38,0,0
FN:7,System.Void Blackjack.Server.Models.Factories.DeckFactory::.ctor()
FNDA:10,System.Void Blackjack.Server.Models.Factories.DeckFactory::.ctor()
DA:8,10
LF:21
LH:12
BRF:6
BRH:4
FNF:3
FNH:2
end_of_record
SF:C:\Users\tiber\Documents\UNITBV\IS\Blackjack\Blackjack.Server\Controllers\GameController.cs
FN:18,Microsoft.AspNetCore.Mvc.IActionResult Blackjack.Server.Controllers.GameController::StartNewGame()
FNDA:0,Microsoft.AspNetCore.Mvc.IActionResult Blackjack.Server.Controllers.GameController::StartNewGame()
DA:19,0
DA:21,0
DA:22,0
DA:23,0
DA:25,0
DA:26,0
DA:27,0
DA:29,0
FN:32,Microsoft.AspNetCore.Mvc.IActionResult Blackjack.Server.Controllers.GameController::PlaceBet(System.Int32)
FNDA:0,Microsoft.AspNetCore.Mvc.IActionResult Blackjack.Server.Controllers.GameController::PlaceBet(System.Int32)
DA:33,0
DA:34,0
DA:35,0
DA:36,0
DA:39,0
DA:40,0
DA:41,0
BRDA:34,17,0,0
BRDA:34,17,1,0
FN:44,Microsoft.AspNetCore.Mvc.IActionResult Blackjack.Server.Controllers.GameController::DealCards()
FNDA:0,Microsoft.AspNetCore.Mvc.IActionResult Blackjack.Server.Controllers.GameController::DealCards()
DA:45,0
DA:46,0
DA:47,0
DA:48,0
FN:51,Microsoft.AspNetCore.Mvc.IActionResult Blackjack.Server.Controllers.GameController::Hit()
FNDA:0,Microsoft.AspNetCore.Mvc.IActionResult Blackjack.Server.Controllers.GameController::Hit()
DA:52,0
DA:53,0
DA:54,0
DA:55,0
FN:58,Microsoft.AspNetCore.Mvc.IActionResult Blackjack.Server.Controllers.GameController::Stand()
FNDA:0,Microsoft.AspNetCore.Mvc.IActionResult Blackjack.Server.Controllers.GameController::Stand()
DA:59,0
DA:60,0
DA:61,0
DA:62,0
FN:65,Microsoft.AspNetCore.Mvc.IActionResult Blackjack.Server.Controllers.GameController::CheckWinner()
FNDA:0,Microsoft.AspNetCore.Mvc.IActionResult Blackjack.Server.Controllers.GameController::CheckWinner()
DA:66,0
DA:67,0
DA:68,0
FN:11,System.Void Blackjack.Server.Controllers.GameController::.ctor(Blackjack.Server.Services.GameService)
FNDA:0,System.Void Blackjack.Server.Controllers.GameController::.ctor(Blackjack.Server.Services.GameService)
DA:12,0
DA:13,0
DA:14,0
DA:15,0
LF:34
LH:0
BRF:2
BRH:0
FNF:7
FNH:0
end_of_record